[debug] [2020-04-07T02:11:17.713Z] ----------------------------------------------------------------------
[debug] [2020-04-07T02:11:17.715Z] Command:       /usr/local/bin/node /usr/local/bin/firebase init
[debug] [2020-04-07T02:11:17.715Z] CLI Version:   8.0.2
[debug] [2020-04-07T02:11:17.715Z] Platform:      darwin
[debug] [2020-04-07T02:11:17.715Z] Node Version:  v12.16.1
[debug] [2020-04-07T02:11:17.716Z] Time:          Mon Apr 06 2020 19:11:17 GMT-0700 (Pacific Daylight Time)
[debug] [2020-04-07T02:11:17.716Z] ----------------------------------------------------------------------
[debug] [2020-04-07T02:11:17.716Z] 
[debug] [2020-04-07T02:11:17.722Z] > command requires scopes: ["email","openid","https://www.googleapis.com/auth/cloudplatformprojects.readonly","https://www.googleapis.com/auth/firebase","https://www.googleapis.com/auth/cloud-platform"]
[debug] [2020-04-07T02:11:17.723Z] > authorizing via signed-in user
[info] 
     ######## #### ########  ######## ########     ###     ######  ########
     ##        ##  ##     ## ##       ##     ##  ##   ##  ##       ##
     ######    ##  ########  ######   ########  #########  ######  ######
     ##        ##  ##    ##  ##       ##     ## ##     ##       ## ##
     ##       #### ##     ## ######## ########  ##     ##  ######  ########

You're about to initialize a Firebase project in this directory:

  /Users/austinescalante/Desktop/cs370app

[debug] [2020-04-07T02:27:53.368Z] TypeError: Cannot read property 'setRawMode' of null
    at ReadStream.setRawMode (tty.js:75:28)
    at Interface._setRawMode (readline.js:283:16)
    at Interface.close (readline.js:406:10)
    at ReadStream.ontermend (readline.js:194:10)
    at ReadStream.emit (events.js:323:22)
    at ReadStream.EventEmitter.emit (domain.js:482:12)
    at endReadableNT (_stream_readable.js:1204:12)
    at processTicksAndRejections (internal/process/task_queues.js:84:21)
